
 ----- The 1 / 50 realization -----
Denoising operation starts
Denoising operation ends
Denoising operation starts
Denoising operation ends
Denoising operation starts
Denoising operation ends
Denoising operation starts
Denoising operation ends
Denoising operation starts
Denoising operation ends

 ----- The 2 / 50 realization -----
Denoising operation starts
Denoising operation ends
Denoising operation starts
Denoising operation ends
Denoising operation starts
Denoising operation ends
Denoising operation starts
Denoising operation ends
Denoising operation starts
Denoising operation ends

 ----- The 3 / 50 realization -----
Denoising operation starts
Denoising operation ends
Denoising operation starts
Denoising operation ends
Denoising operation starts
Denoising operation ends
Denoising operation starts
Denoising operation ends
Denoising operation starts
Denoising operation ends

 ----- The 4 / 50 realization -----
Denoising operation starts
Denoising operation ends
Denoising operation starts
Denoising operation ends
Denoising operation starts
Denoising operation ends
Denoising operation starts
Denoising operation ends
Denoising operation starts
Denoising operation ends

 ----- The 5 / 50 realization -----
Denoising operation starts
Denoising operation ends
Denoising operation starts
Denoising operation ends
Denoising operation starts
Denoising operation ends
Denoising operation starts
Denoising operation ends
Denoising operation starts
Denoising operation ends

 ----- The 6 / 50 realization -----
Denoising operation starts
Denoising operation ends
Denoising operation starts
Denoising operation ends
Denoising operation starts
Denoising operation ends
Denoising operation starts
Denoising operation ends
Denoising operation starts
Denoising operation ends

 ----- The 7 / 50 realization -----
Denoising operation starts
Denoising operation ends
Denoising operation starts
Denoising operation ends
Denoising operation starts
Denoising operation ends
Denoising operation starts
Denoising operation ends
Denoising operation starts
Denoising operation ends

 ----- The 8 / 50 realization -----
Denoising operation starts
Denoising operation ends
Denoising operation starts
Denoising operation ends
Denoising operation starts
Denoising operation ends
Denoising operation starts
Denoising operation ends
Denoising operation starts
Denoising operation ends

 ----- The 9 / 50 realization -----
Denoising operation starts
Denoising operation ends
Denoising operation starts
Denoising operation ends
Denoising operation starts
Denoising operation ends
Denoising operation starts
Denoising operation ends
Denoising operation starts
Denoising operation ends

 ----- The 10 / 50 realization -----
Denoising operation starts
Denoising operation ends
Denoising operation starts
Denoising operation ends
Denoising operation starts
Denoising operation ends
Denoising operation starts
Denoising operation ends
Denoising operation starts
Denoising operation ends

 ----- The 11 / 50 realization -----
Denoising operation starts
Denoising operation ends
Denoising operation starts
Denoising operation ends
Denoising operation starts
Denoising operation ends
Denoising operation starts
Denoising operation ends
Denoising operation starts
Denoising operation ends

 ----- The 12 / 50 realization -----
Denoising operation starts
Denoising operation ends
Denoising operation starts
Denoising operation ends
Denoising operation starts
Denoising operation ends
Denoising operation starts
Denoising operation ends
Denoising operation starts
Denoising operation ends

 ----- The 13 / 50 realization -----
Denoising operation starts
Denoising operation ends
Denoising operation starts
Denoising operation ends
Denoising operation starts
Denoising operation ends
Denoising operation starts
Denoising operation ends
Denoising operation starts
Denoising operation ends

 ----- The 14 / 50 realization -----
Denoising operation starts
Denoising operation ends
Denoising operation starts
Denoising operation ends
Denoising operation starts
Denoising operation ends
Denoising operation starts
Denoising operation ends
Denoising operation starts
Denoising operation ends

 ----- The 15 / 50 realization -----
Denoising operation starts
Denoising operation ends
Denoising operation starts
Denoising operation ends
Denoising operation starts
Denoising operation ends
Denoising operation starts
Denoising operation ends
Denoising operation starts
Denoising operation ends

 ----- The 16 / 50 realization -----
Denoising operation starts
Denoising operation ends
Denoising operation starts
Denoising operation ends
Denoising operation starts
Denoising operation ends
Denoising operation starts
Denoising operation ends
Denoising operation starts
Denoising operation ends

 ----- The 17 / 50 realization -----
Denoising operation starts
Denoising operation ends
Denoising operation starts
Denoising operation ends
Denoising operation starts
Denoising operation ends
Denoising operation starts
Denoising operation ends
Denoising operation starts
Denoising operation ends

 ----- The 18 / 50 realization -----
Denoising operation starts
Denoising operation ends
Denoising operation starts
Denoising operation ends
Denoising operation starts
Denoising operation ends
Denoising operation starts
Denoising operation ends
Denoising operation starts
Denoising operation ends

 ----- The 19 / 50 realization -----
Denoising operation starts
Denoising operation ends
Denoising operation starts
Denoising operation ends
Denoising operation starts
Denoising operation ends
Denoising operation starts
Denoising operation ends
Denoising operation starts
Denoising operation ends

 ----- The 20 / 50 realization -----
Denoising operation starts
Denoising operation ends
Denoising operation starts
Denoising operation ends
Denoising operation starts
Denoising operation ends
Denoising operation starts
Denoising operation ends
Denoising operation starts
Denoising operation ends

 ----- The 21 / 50 realization -----
Denoising operation starts
Denoising operation ends
Denoising operation starts
Denoising operation ends
Denoising operation starts
Denoising operation ends
Denoising operation starts
Denoising operation ends
Denoising operation starts
Denoising operation ends

 ----- The 22 / 50 realization -----
Denoising operation starts
Denoising operation ends
Denoising operation starts
Denoising operation ends
Denoising operation starts
Denoising operation ends
Denoising operation starts
Denoising operation ends
Denoising operation starts
Denoising operation ends

 ----- The 23 / 50 realization -----
Denoising operation starts
Denoising operation ends
Denoising operation starts
Denoising operation ends
Denoising operation starts
Denoising operation ends
Denoising operation starts
Denoising operation ends
Denoising operation starts
Denoising operation ends

 ----- The 24 / 50 realization -----
Denoising operation starts
Denoising operation ends
Denoising operation starts
Denoising operation ends
Denoising operation starts
Denoising operation ends
Denoising operation starts
Denoising operation ends
Denoising operation starts
Denoising operation ends

 ----- The 25 / 50 realization -----
Denoising operation starts
Denoising operation ends
Denoising operation starts
Denoising operation ends
Denoising operation starts
Denoising operation ends
Denoising operation starts
Denoising operation ends
Denoising operation starts
Denoising operation ends

 ----- The 26 / 50 realization -----
Denoising operation starts
Denoising operation ends
Denoising operation starts
Denoising operation ends
Denoising operation starts
Denoising operation ends
Denoising operation starts
Denoising operation ends
Denoising operation starts
Denoising operation ends

 ----- The 27 / 50 realization -----
Denoising operation starts
Denoising operation ends
Denoising operation starts
Denoising operation ends
Denoising operation starts
Denoising operation ends
Denoising operation starts
Denoising operation ends
Denoising operation starts
Denoising operation ends

 ----- The 28 / 50 realization -----
Denoising operation starts
Denoising operation ends
Denoising operation starts
Denoising operation ends
Denoising operation starts
Denoising operation ends
Denoising operation starts
Denoising operation ends
Denoising operation starts
Denoising operation ends

 ----- The 29 / 50 realization -----
Denoising operation starts
Denoising operation ends
Denoising operation starts
Denoising operation ends
Denoising operation starts
Denoising operation ends
Denoising operation starts
Denoising operation ends
Denoising operation starts
Denoising operation ends

 ----- The 30 / 50 realization -----
Denoising operation starts
Denoising operation ends
Denoising operation starts
Denoising operation ends
Denoising operation starts
Denoising operation ends
Denoising operation starts
Denoising operation ends
Denoising operation starts
Denoising operation ends

 ----- The 31 / 50 realization -----
Denoising operation starts
Denoising operation ends
Denoising operation starts
Denoising operation ends
Denoising operation starts
Denoising operation ends
Denoising operation starts
Denoising operation ends
Denoising operation starts
Denoising operation ends

 ----- The 32 / 50 realization -----
Denoising operation starts
Denoising operation ends
Denoising operation starts
Denoising operation ends
Denoising operation starts
Denoising operation ends
Denoising operation starts
Denoising operation ends
Denoising operation starts
Denoising operation ends

 ----- The 33 / 50 realization -----
Denoising operation starts
Denoising operation ends
Denoising operation starts
Denoising operation ends
Denoising operation starts
Denoising operation ends
Denoising operation starts
Denoising operation ends
Denoising operation starts
Denoising operation ends

 ----- The 34 / 50 realization -----
Denoising operation starts
Denoising operation ends
Denoising operation starts
Denoising operation ends
Denoising operation starts
Denoising operation ends
Denoising operation starts
Denoising operation ends
Denoising operation starts
Denoising operation ends

 ----- The 35 / 50 realization -----
Denoising operation starts
Denoising operation ends
Denoising operation starts
Denoising operation ends
Denoising operation starts
Denoising operation ends
Denoising operation starts
Denoising operation ends
Denoising operation starts
Denoising operation ends

 ----- The 36 / 50 realization -----
Denoising operation starts
Denoising operation ends
Denoising operation starts
Denoising operation ends
Denoising operation starts
Denoising operation ends
Denoising operation starts
Denoising operation ends
Denoising operation starts
Denoising operation ends

 ----- The 37 / 50 realization -----
Denoising operation starts
Denoising operation ends
Denoising operation starts
Denoising operation ends
Denoising operation starts
Denoising operation ends
Denoising operation starts
Denoising operation ends
Denoising operation starts
Denoising operation ends

 ----- The 38 / 50 realization -----
Denoising operation starts
Denoising operation ends
Denoising operation starts
Denoising operation ends
Denoising operation starts
Denoising operation ends
Denoising operation starts
Denoising operation ends
Denoising operation starts
Denoising operation ends

 ----- The 39 / 50 realization -----
Denoising operation starts
Denoising operation ends
Denoising operation starts
Denoising operation ends
Denoising operation starts
Denoising operation ends
Denoising operation starts
Denoising operation ends
Denoising operation starts
Denoising operation ends

 ----- The 40 / 50 realization -----
Denoising operation starts
Denoising operation ends
Denoising operation starts
Denoising operation ends
Denoising operation starts
Denoising operation ends
Denoising operation starts
Denoising operation ends
Denoising operation starts
Denoising operation ends

 ----- The 41 / 50 realization -----
Denoising operation starts
Denoising operation ends
Denoising operation starts
Denoising operation ends
Denoising operation starts
Denoising operation ends
Denoising operation starts
Denoising operation ends
Denoising operation starts
Denoising operation ends

 ----- The 42 / 50 realization -----
Denoising operation starts
Denoising operation ends
Denoising operation starts
Denoising operation ends
Denoising operation starts
Denoising operation ends
Denoising operation starts
Denoising operation ends
Denoising operation starts
Denoising operation ends

 ----- The 43 / 50 realization -----
Denoising operation starts
Denoising operation ends
Denoising operation starts
Denoising operation ends
Denoising operation starts
Denoising operation ends
Denoising operation starts
Denoising operation ends
Denoising operation starts
Denoising operation ends

 ----- The 44 / 50 realization -----
Denoising operation starts
Denoising operation ends
Denoising operation starts
Denoising operation ends
Denoising operation starts
Denoising operation ends
Denoising operation starts
Denoising operation ends
Denoising operation starts
Denoising operation ends

 ----- The 45 / 50 realization -----
Denoising operation starts
Denoising operation ends
Denoising operation starts
Denoising operation ends
Denoising operation starts
Denoising operation ends
Denoising operation starts
Denoising operation ends
Denoising operation starts
Denoising operation ends

 ----- The 46 / 50 realization -----
Denoising operation starts
Denoising operation ends
Denoising operation starts
Denoising operation ends
Denoising operation starts
Denoising operation ends
Denoising operation starts
Denoising operation ends
Denoising operation starts
Denoising operation ends

 ----- The 47 / 50 realization -----
Denoising operation starts
Denoising operation ends
Denoising operation starts
Denoising operation ends
Denoising operation starts
Denoising operation ends
Denoising operation starts
Denoising operation ends
Denoising operation starts
Denoising operation ends

 ----- The 48 / 50 realization -----
Denoising operation starts
Denoising operation ends
Denoising operation starts
Denoising operation ends
Denoising operation starts
Denoising operation ends
Denoising operation starts
Denoising operation ends
Denoising operation starts
Denoising operation ends

 ----- The 49 / 50 realization -----
Denoising operation starts
Denoising operation ends
Denoising operation starts
Denoising operation ends
Denoising operation starts
Denoising operation ends
Denoising operation starts
Denoising operation ends
Denoising operation starts
Denoising operation ends

 ----- The 50 / 50 realization -----
Denoising operation starts
Denoising operation ends
Denoising operation starts
Denoising operation ends
Denoising operation starts
Denoising operation ends
Denoising operation starts
Denoising operation ends
Denoising operation starts
Denoising operation ends
Average = 1 (PSNR: 38.45 dB, SSIM: 0.9732)
Average = 2 (PSNR: 39.59 dB, SSIM: 0.9786)
Average = 4 (PSNR: 40.95 dB, SSIM: 0.9853)
Average = 8 (PSNR: 42.37 dB, SSIM: 0.9889)
Average = 16 (PSNR: 44.37 dB, SSIM: 0.9918)
Average time for each denoising operation = 3.23

 ----- The 1 / 50 realization -----
Denoising operation starts
Denoising operation ends
Denoising operation starts
Denoising operation ends
Denoising operation starts
Denoising operation ends
Denoising operation starts
Denoising operation ends
Denoising operation starts
Denoising operation ends

 ----- The 2 / 50 realization -----
Denoising operation starts
Denoising operation ends
Denoising operation starts
Denoising operation ends
Denoising operation starts
Denoising operation ends
Denoising operation starts
Denoising operation ends
Denoising operation starts
Denoising operation ends

 ----- The 3 / 50 realization -----
Denoising operation starts
Denoising operation ends
Denoising operation starts
Denoising operation ends
Denoising operation starts
Denoising operation ends
Denoising operation starts
Denoising operation ends
Denoising operation starts
Denoising operation ends

 ----- The 4 / 50 realization -----
Denoising operation starts
Denoising operation ends
Denoising operation starts
Denoising operation ends
Denoising operation starts
Denoising operation ends
Denoising operation starts
Denoising operation ends
Denoising operation starts
Denoising operation ends

 ----- The 5 / 50 realization -----
Denoising operation starts
Denoising operation ends
Denoising operation starts
Denoising operation ends
Denoising operation starts
Denoising operation ends
Denoising operation starts
Denoising operation ends
Denoising operation starts
Denoising operation ends

 ----- The 6 / 50 realization -----
Denoising operation starts
Denoising operation ends
Denoising operation starts
Denoising operation ends
Denoising operation starts
Denoising operation ends
Denoising operation starts
Denoising operation ends
Denoising operation starts
Denoising operation ends

 ----- The 7 / 50 realization -----
Denoising operation starts
Denoising operation ends
Denoising operation starts
Denoising operation ends
Denoising operation starts
Denoising operation ends
Denoising operation starts
Denoising operation ends
Denoising operation starts
Denoising operation ends

 ----- The 8 / 50 realization -----
Denoising operation starts
Denoising operation ends
Denoising operation starts
Denoising operation ends
Denoising operation starts
Denoising operation ends
Denoising operation starts
Denoising operation ends
Denoising operation starts
Denoising operation ends

 ----- The 9 / 50 realization -----
Denoising operation starts
Denoising operation ends
Denoising operation starts
Denoising operation ends
Denoising operation starts
Denoising operation ends
Denoising operation starts
Denoising operation ends
Denoising operation starts
Denoising operation ends

 ----- The 10 / 50 realization -----
Denoising operation starts
Denoising operation ends
Denoising operation starts
Denoising operation ends
Denoising operation starts
Denoising operation ends
Denoising operation starts
Denoising operation ends
Denoising operation starts
Denoising operation ends

 ----- The 11 / 50 realization -----
Denoising operation starts
Denoising operation ends
Denoising operation starts
Denoising operation ends
Denoising operation starts
Denoising operation ends
Denoising operation starts
Denoising operation ends
Denoising operation starts
Denoising operation ends

 ----- The 12 / 50 realization -----
Denoising operation starts
Denoising operation ends
Denoising operation starts
Denoising operation ends
Denoising operation starts
Denoising operation ends
Denoising operation starts
Denoising operation ends
Denoising operation starts
Denoising operation ends

 ----- The 13 / 50 realization -----
Denoising operation starts
Denoising operation ends
Denoising operation starts
Denoising operation ends
Denoising operation starts
Denoising operation ends
Denoising operation starts
Denoising operation ends
Denoising operation starts
Denoising operation ends

 ----- The 14 / 50 realization -----
Denoising operation starts
Denoising operation ends
Denoising operation starts
Denoising operation ends
Denoising operation starts
Denoising operation ends
Denoising operation starts
Denoising operation ends
Denoising operation starts
Denoising operation ends

 ----- The 15 / 50 realization -----
Denoising operation starts
Denoising operation ends
Denoising operation starts
Denoising operation ends
Denoising operation starts
Denoising operation ends
Denoising operation starts
Denoising operation ends
Denoising operation starts
Denoising operation ends

 ----- The 16 / 50 realization -----
Denoising operation starts
Denoising operation ends
Denoising operation starts
Denoising operation ends
Denoising operation starts
Denoising operation ends
Denoising operation starts
Denoising operation ends
Denoising operation starts
Denoising operation ends

 ----- The 17 / 50 realization -----
Denoising operation starts
Denoising operation ends
Denoising operation starts
Denoising operation ends
Denoising operation starts
Denoising operation ends
Denoising operation starts
Denoising operation ends
Denoising operation starts
Denoising operation ends

 ----- The 18 / 50 realization -----
Denoising operation starts
Denoising operation ends
Denoising operation starts
Denoising operation ends
Denoising operation starts
Denoising operation ends
Denoising operation starts
Denoising operation ends
Denoising operation starts
Denoising operation ends

 ----- The 19 / 50 realization -----
Denoising operation starts
Denoising operation ends
Denoising operation starts
Denoising operation ends
Denoising operation starts
Denoising operation ends
Denoising operation starts
Denoising operation ends
Denoising operation starts
Denoising operation ends

 ----- The 20 / 50 realization -----
Denoising operation starts
Denoising operation ends
Denoising operation starts
Denoising operation ends
Denoising operation starts
Denoising operation ends
Denoising operation starts
Denoising operation ends
Denoising operation starts
Denoising operation ends

 ----- The 21 / 50 realization -----
Denoising operation starts
Denoising operation ends
Denoising operation starts
Denoising operation ends
Denoising operation starts
Denoising operation ends
Denoising operation starts
Denoising operation ends
Denoising operation starts
Denoising operation ends

 ----- The 22 / 50 realization -----
Denoising operation starts
Denoising operation ends
Denoising operation starts
Denoising operation ends
Denoising operation starts
Denoising operation ends
Denoising operation starts
Denoising operation ends
Denoising operation starts
Denoising operation ends

 ----- The 23 / 50 realization -----
Denoising operation starts
Denoising operation ends
Denoising operation starts
Denoising operation ends
Denoising operation starts
Denoising operation ends
Denoising operation starts
Denoising operation ends
Denoising operation starts
Denoising operation ends

 ----- The 24 / 50 realization -----
Denoising operation starts
Denoising operation ends
Denoising operation starts
Denoising operation ends
Denoising operation starts
Denoising operation ends
Denoising operation starts
Denoising operation ends
Denoising operation starts
Denoising operation ends

 ----- The 25 / 50 realization -----
Denoising operation starts
Denoising operation ends
Denoising operation starts
Denoising operation ends
Denoising operation starts
Denoising operation ends
Denoising operation starts
Denoising operation ends
Denoising operation starts
Denoising operation ends

 ----- The 26 / 50 realization -----
Denoising operation starts
Denoising operation ends
Denoising operation starts
Denoising operation ends
Denoising operation starts
Denoising operation ends
Denoising operation starts
Denoising operation ends
Denoising operation starts
Denoising operation ends

 ----- The 27 / 50 realization -----
Denoising operation starts
Denoising operation ends
Denoising operation starts
Denoising operation ends
Denoising operation starts
Denoising operation ends
Denoising operation starts
Denoising operation ends
Denoising operation starts
Denoising operation ends

 ----- The 28 / 50 realization -----
Denoising operation starts
Denoising operation ends
Denoising operation starts
Denoising operation ends
Denoising operation starts
Denoising operation ends
Denoising operation starts
Denoising operation ends
Denoising operation starts
Denoising operation ends

 ----- The 29 / 50 realization -----
Denoising operation starts
Denoising operation ends
Denoising operation starts
Denoising operation ends
Denoising operation starts
Denoising operation ends
Denoising operation starts
Denoising operation ends
Denoising operation starts
Denoising operation ends

 ----- The 30 / 50 realization -----
Denoising operation starts
Denoising operation ends
Denoising operation starts
Denoising operation ends
Denoising operation starts
Denoising operation ends
Denoising operation starts
Denoising operation ends
Denoising operation starts
Denoising operation ends

 ----- The 31 / 50 realization -----
Denoising operation starts
Denoising operation ends
Denoising operation starts
Denoising operation ends
Denoising operation starts
Denoising operation ends
Denoising operation starts
Denoising operation ends
Denoising operation starts
Denoising operation ends

 ----- The 32 / 50 realization -----
Denoising operation starts
Denoising operation ends
Denoising operation starts
Denoising operation ends
Denoising operation starts
Denoising operation ends
Denoising operation starts
Denoising operation ends
Denoising operation starts
Denoising operation ends

 ----- The 33 / 50 realization -----
Denoising operation starts
Denoising operation ends
Denoising operation starts
Denoising operation ends
Denoising operation starts
Denoising operation ends
Denoising operation starts
Denoising operation ends
Denoising operation starts
Denoising operation ends

 ----- The 34 / 50 realization -----
Denoising operation starts
Denoising operation ends
Denoising operation starts
Denoising operation ends
Denoising operation starts
Denoising operation ends
Denoising operation starts
Denoising operation ends
Denoising operation starts
Denoising operation ends

 ----- The 35 / 50 realization -----
Denoising operation starts
Denoising operation ends
Denoising operation starts
Denoising operation ends
Denoising operation starts
Denoising operation ends
Denoising operation starts
Denoising operation ends
Denoising operation starts
Denoising operation ends

 ----- The 36 / 50 realization -----
Denoising operation starts
Denoising operation ends
Denoising operation starts
Denoising operation ends
Denoising operation starts
Denoising operation ends
Denoising operation starts
Denoising operation ends
Denoising operation starts
Denoising operation ends

 ----- The 37 / 50 realization -----
Denoising operation starts
Denoising operation ends
Denoising operation starts
Denoising operation ends
Denoising operation starts
Denoising operation ends
Denoising operation starts
Denoising operation ends
Denoising operation starts
Denoising operation ends

 ----- The 38 / 50 realization -----
Denoising operation starts
Denoising operation ends
Denoising operation starts
Denoising operation ends
Denoising operation starts
Denoising operation ends
Denoising operation starts
Denoising operation ends
Denoising operation starts
Denoising operation ends

 ----- The 39 / 50 realization -----
Denoising operation starts
Denoising operation ends
Denoising operation starts
Denoising operation ends
Denoising operation starts
Denoising operation ends
Denoising operation starts
Denoising operation ends
Denoising operation starts
Denoising operation ends

 ----- The 40 / 50 realization -----
Denoising operation starts
Denoising operation ends
Denoising operation starts
Denoising operation ends
Denoising operation starts
Denoising operation ends
Denoising operation starts
Denoising operation ends
Denoising operation starts
Denoising operation ends

 ----- The 41 / 50 realization -----
Denoising operation starts
Denoising operation ends
Denoising operation starts
Denoising operation ends
Denoising operation starts
Denoising operation ends
Denoising operation starts
Denoising operation ends
Denoising operation starts
Denoising operation ends

 ----- The 42 / 50 realization -----
Denoising operation starts
Denoising operation ends
Denoising operation starts
Denoising operation ends
Denoising operation starts
Denoising operation ends
Denoising operation starts
Denoising operation ends
Denoising operation starts
Denoising operation ends

 ----- The 43 / 50 realization -----
Denoising operation starts
Denoising operation ends
Denoising operation starts
Denoising operation ends
Denoising operation starts
Denoising operation ends
Denoising operation starts
Denoising operation ends
Denoising operation starts
Denoising operation ends

 ----- The 44 / 50 realization -----
Denoising operation starts
Denoising operation ends
Denoising operation starts
Denoising operation ends
Denoising operation starts
Denoising operation ends
Denoising operation starts
Denoising operation ends
Denoising operation starts
Denoising operation ends

 ----- The 45 / 50 realization -----
Denoising operation starts
Denoising operation ends
Denoising operation starts
Denoising operation ends
Denoising operation starts
Denoising operation ends
Denoising operation starts
Denoising operation ends
Denoising operation starts
Denoising operation ends

 ----- The 46 / 50 realization -----
Denoising operation starts
Denoising operation ends
Denoising operation starts
Denoising operation ends
Denoising operation starts
Denoising operation ends
Denoising operation starts
Denoising operation ends
Denoising operation starts
Denoising operation ends

 ----- The 47 / 50 realization -----
Denoising operation starts
Denoising operation ends
Denoising operation starts
Denoising operation ends
Denoising operation starts
Denoising operation ends
Denoising operation starts
Denoising operation ends
Denoising operation starts
Denoising operation ends

 ----- The 48 / 50 realization -----
Denoising operation starts
Denoising operation ends
Denoising operation starts
Denoising operation ends
Denoising operation starts
Denoising operation ends
Denoising operation starts
Denoising operation ends
Denoising operation starts
Denoising operation ends

 ----- The 49 / 50 realization -----
Denoising operation starts
Denoising operation ends
Denoising operation starts
Denoising operation ends
Denoising operation starts
Denoising operation ends
Denoising operation starts
Denoising operation ends
Denoising operation starts
Denoising operation ends

 ----- The 50 / 50 realization -----
Denoising operation starts
Denoising operation ends
Denoising operation starts
Denoising operation ends
Denoising operation starts
Denoising operation ends
Denoising operation starts
Denoising operation ends
Denoising operation starts
Denoising operation ends
Average = 1 (PSNR: 38.45 dB, SSIM: 0.9732)
Average = 2 (PSNR: 39.59 dB, SSIM: 0.9786)
Average = 4 (PSNR: 40.95 dB, SSIM: 0.9853)
Average = 8 (PSNR: 42.37 dB, SSIM: 0.9889)
Average = 16 (PSNR: 44.37 dB, SSIM: 0.9918)
Average time for each denoising operation = 3.34
